[19-Feb-2025 07:31:38 UTC] PHP Parse error:  syntax error, unexpected identifier "mySqli_connect_error", expecting ")" in C:\Users\curso\Local Sites\phpbasedatos\app\public\index.php on line 7
[19-Feb-2025 07:31:39 UTC] PHP Parse error:  syntax error, unexpected identifier "mySqli_connect_error", expecting ")" in C:\Users\curso\Local Sites\phpbasedatos\app\public\index.php on line 7
[19-Feb-2025 07:31:58 UTC] PHP Parse error:  syntax error, unexpected identifier "mysqli_connect_error", expecting ")" in C:\Users\curso\Local Sites\phpbasedatos\app\public\index.php on line 7
[19-Feb-2025 07:31:58 UTC] PHP Parse error:  syntax error, unexpected identifier "mysqli_connect_error", expecting ")" in C:\Users\curso\Local Sites\phpbasedatos\app\public\index.php on line 7
[19-Feb-2025 07:31:59 UTC] PHP Parse error:  syntax error, unexpected identifier "mysqli_connect_error", expecting ")" in C:\Users\curso\Local Sites\phpbasedatos\app\public\index.php on line 7
[19-Feb-2025 07:31:59 UTC] PHP Parse error:  syntax error, unexpected identifier "mysqli_connect_error", expecting ")" in C:\Users\curso\Local Sites\phpbasedatos\app\public\index.php on line 7
[19-Feb-2025 07:45:07 UTC] PHP Fatal error:  Uncaught mysqli_sql_exception: Can't create database 'pasteleria'; database exists in C:\Users\curso\Local Sites\phpbasedatos\app\public\index.php:14
Stack trace:
#0 C:\Users\curso\Local Sites\phpbasedatos\app\public\index.php(14): mysqli_query(Object(mysqli), 'CREATE DATABASE...')
#1 {main}
  thrown in C:\Users\curso\Local Sites\phpbasedatos\app\public\index.php on line 14
[19-Feb-2025 07:45:07 UTC] PHP Fatal error:  Uncaught mysqli_sql_exception: Can't create database 'pasteleria'; database exists in C:\Users\curso\Local Sites\phpbasedatos\app\public\index.php:14
Stack trace:
#0 C:\Users\curso\Local Sites\phpbasedatos\app\public\index.php(14): mysqli_query(Object(mysqli), 'CREATE DATABASE...')
#1 {main}
  thrown in C:\Users\curso\Local Sites\phpbasedatos\app\public\index.php on line 14
[19-Feb-2025 07:45:08 UTC] PHP Fatal error:  Uncaught mysqli_sql_exception: Can't create database 'pasteleria'; database exists in C:\Users\curso\Local Sites\phpbasedatos\app\public\index.php:14
Stack trace:
#0 C:\Users\curso\Local Sites\phpbasedatos\app\public\index.php(14): mysqli_query(Object(mysqli), 'CREATE DATABASE...')
#1 {main}
  thrown in C:\Users\curso\Local Sites\phpbasedatos\app\public\index.php on line 14
[19-Feb-2025 07:45:08 UTC] PHP Fatal error:  Uncaught mysqli_sql_exception: Can't create database 'pasteleria'; database exists in C:\Users\curso\Local Sites\phpbasedatos\app\public\index.php:14
Stack trace:
#0 C:\Users\curso\Local Sites\phpbasedatos\app\public\index.php(14): mysqli_query(Object(mysqli), 'CREATE DATABASE...')
#1 {main}
  thrown in C:\Users\curso\Local Sites\phpbasedatos\app\public\index.php on line 14
[19-Feb-2025 07:45:08 UTC] PHP Fatal error:  Uncaught mysqli_sql_exception: Can't create database 'pasteleria'; database exists in C:\Users\curso\Local Sites\phpbasedatos\app\public\index.php:14
Stack trace:
#0 C:\Users\curso\Local Sites\phpbasedatos\app\public\index.php(14): mysqli_query(Object(mysqli), 'CREATE DATABASE...')
#1 {main}
  thrown in C:\Users\curso\Local Sites\phpbasedatos\app\public\index.php on line 14
[19-Feb-2025 07:45:08 UTC] PHP Fatal error:  Uncaught mysqli_sql_exception: Can't create database 'pasteleria'; database exists in C:\Users\curso\Local Sites\phpbasedatos\app\public\index.php:14
Stack trace:
#0 C:\Users\curso\Local Sites\phpbasedatos\app\public\index.php(14): mysqli_query(Object(mysqli), 'CREATE DATABASE...')
#1 {main}
  thrown in C:\Users\curso\Local Sites\phpbasedatos\app\public\index.php on line 14
[19-Feb-2025 07:45:08 UTC] PHP Fatal error:  Uncaught mysqli_sql_exception: Can't create database 'pasteleria'; database exists in C:\Users\curso\Local Sites\phpbasedatos\app\public\index.php:14
Stack trace:
#0 C:\Users\curso\Local Sites\phpbasedatos\app\public\index.php(14): mysqli_query(Object(mysqli), 'CREATE DATABASE...')
#1 {main}
  thrown in C:\Users\curso\Local Sites\phpbasedatos\app\public\index.php on line 14
[19-Feb-2025 07:45:22 UTC] PHP Fatal error:  Uncaught mysqli_sql_exception: Can't create database 'pasteleria'; database exists in C:\Users\curso\Local Sites\phpbasedatos\app\public\index.php:14
Stack trace:
#0 C:\Users\curso\Local Sites\phpbasedatos\app\public\index.php(14): mysqli_query(Object(mysqli), 'CREATE DATABASE...')
#1 {main}
  thrown in C:\Users\curso\Local Sites\phpbasedatos\app\public\index.php on line 14
[19-Feb-2025 07:45:23 UTC] PHP Fatal error:  Uncaught mysqli_sql_exception: Can't create database 'pasteleria'; database exists in C:\Users\curso\Local Sites\phpbasedatos\app\public\index.php:14
Stack trace:
#0 C:\Users\curso\Local Sites\phpbasedatos\app\public\index.php(14): mysqli_query(Object(mysqli), 'CREATE DATABASE...')
#1 {main}
  thrown in C:\Users\curso\Local Sites\phpbasedatos\app\public\index.php on line 14
[19-Feb-2025 07:45:23 UTC] PHP Fatal error:  Uncaught mysqli_sql_exception: Can't create database 'pasteleria'; database exists in C:\Users\curso\Local Sites\phpbasedatos\app\public\index.php:14
Stack trace:
#0 C:\Users\curso\Local Sites\phpbasedatos\app\public\index.php(14): mysqli_query(Object(mysqli), 'CREATE DATABASE...')
#1 {main}
  thrown in C:\Users\curso\Local Sites\phpbasedatos\app\public\index.php on line 14
[19-Feb-2025 07:45:23 UTC] PHP Fatal error:  Uncaught mysqli_sql_exception: Can't create database 'pasteleria'; database exists in C:\Users\curso\Local Sites\phpbasedatos\app\public\index.php:14
Stack trace:
#0 C:\Users\curso\Local Sites\phpbasedatos\app\public\index.php(14): mysqli_query(Object(mysqli), 'CREATE DATABASE...')
#1 {main}
  thrown in C:\Users\curso\Local Sites\phpbasedatos\app\public\index.php on line 14
[19-Feb-2025 07:45:45 UTC] PHP Fatal error:  Uncaught mysqli_sql_exception: Can't create database 'pasteleria'; database exists in C:\Users\curso\Local Sites\phpbasedatos\app\public\index.php:14
Stack trace:
#0 C:\Users\curso\Local Sites\phpbasedatos\app\public\index.php(14): mysqli_query(Object(mysqli), 'CREATE DATABASE...')
#1 {main}
  thrown in C:\Users\curso\Local Sites\phpbasedatos\app\public\index.php on line 14
[19-Feb-2025 07:45:45 UTC] PHP Fatal error:  Uncaught mysqli_sql_exception: Can't create database 'pasteleria'; database exists in C:\Users\curso\Local Sites\phpbasedatos\app\public\index.php:14
Stack trace:
#0 C:\Users\curso\Local Sites\phpbasedatos\app\public\index.php(14): mysqli_query(Object(mysqli), 'CREATE DATABASE...')
#1 {main}
  thrown in C:\Users\curso\Local Sites\phpbasedatos\app\public\index.php on line 14
[19-Feb-2025 07:45:46 UTC] PHP Fatal error:  Uncaught mysqli_sql_exception: Can't create database 'pasteleria'; database exists in C:\Users\curso\Local Sites\phpbasedatos\app\public\index.php:14
Stack trace:
#0 C:\Users\curso\Local Sites\phpbasedatos\app\public\index.php(14): mysqli_query(Object(mysqli), 'CREATE DATABASE...')
#1 {main}
  thrown in C:\Users\curso\Local Sites\phpbasedatos\app\public\index.php on line 14
[19-Feb-2025 07:45:46 UTC] PHP Fatal error:  Uncaught mysqli_sql_exception: Can't create database 'pasteleria'; database exists in C:\Users\curso\Local Sites\phpbasedatos\app\public\index.php:14
Stack trace:
#0 C:\Users\curso\Local Sites\phpbasedatos\app\public\index.php(14): mysqli_query(Object(mysqli), 'CREATE DATABASE...')
#1 {main}
  thrown in C:\Users\curso\Local Sites\phpbasedatos\app\public\index.php on line 14
[19-Feb-2025 07:45:46 UTC] PHP Fatal error:  Uncaught mysqli_sql_exception: Can't create database 'pasteleria'; database exists in C:\Users\curso\Local Sites\phpbasedatos\app\public\index.php:14
Stack trace:
#0 C:\Users\curso\Local Sites\phpbasedatos\app\public\index.php(14): mysqli_query(Object(mysqli), 'CREATE DATABASE...')
#1 {main}
  thrown in C:\Users\curso\Local Sites\phpbasedatos\app\public\index.php on line 14
[19-Feb-2025 07:45:46 UTC] PHP Fatal error:  Uncaught mysqli_sql_exception: Can't create database 'pasteleria'; database exists in C:\Users\curso\Local Sites\phpbasedatos\app\public\index.php:14
Stack trace:
#0 C:\Users\curso\Local Sites\phpbasedatos\app\public\index.php(14): mysqli_query(Object(mysqli), 'CREATE DATABASE...')
#1 {main}
  thrown in C:\Users\curso\Local Sites\phpbasedatos\app\public\index.php on line 14
[19-Feb-2025 07:45:46 UTC] PHP Fatal error:  Uncaught mysqli_sql_exception: Can't create database 'pasteleria'; database exists in C:\Users\curso\Local Sites\phpbasedatos\app\public\index.php:14
Stack trace:
#0 C:\Users\curso\Local Sites\phpbasedatos\app\public\index.php(14): mysqli_query(Object(mysqli), 'CREATE DATABASE...')
#1 {main}
  thrown in C:\Users\curso\Local Sites\phpbasedatos\app\public\index.php on line 14
[19-Feb-2025 07:45:46 UTC] PHP Fatal error:  Uncaught mysqli_sql_exception: Can't create database 'pasteleria'; database exists in C:\Users\curso\Local Sites\phpbasedatos\app\public\index.php:14
Stack trace:
#0 C:\Users\curso\Local Sites\phpbasedatos\app\public\index.php(14): mysqli_query(Object(mysqli), 'CREATE DATABASE...')
#1 {main}
  thrown in C:\Users\curso\Local Sites\phpbasedatos\app\public\index.php on line 14
[19-Feb-2025 07:45:47 UTC] PHP Fatal error:  Uncaught mysqli_sql_exception: Can't create database 'pasteleria'; database exists in C:\Users\curso\Local Sites\phpbasedatos\app\public\index.php:14
Stack trace:
#0 C:\Users\curso\Local Sites\phpbasedatos\app\public\index.php(14): mysqli_query(Object(mysqli), 'CREATE DATABASE...')
#1 {main}
  thrown in C:\Users\curso\Local Sites\phpbasedatos\app\public\index.php on line 14
[19-Feb-2025 07:45:47 UTC] PHP Fatal error:  Uncaught mysqli_sql_exception: Can't create database 'pasteleria'; database exists in C:\Users\curso\Local Sites\phpbasedatos\app\public\index.php:14
Stack trace:
#0 C:\Users\curso\Local Sites\phpbasedatos\app\public\index.php(14): mysqli_query(Object(mysqli), 'CREATE DATABASE...')
#1 {main}
  thrown in C:\Users\curso\Local Sites\phpbasedatos\app\public\index.php on line 14
[19-Feb-2025 07:45:47 UTC] PHP Fatal error:  Uncaught mysqli_sql_exception: Can't create database 'pasteleria'; database exists in C:\Users\curso\Local Sites\phpbasedatos\app\public\index.php:14
Stack trace:
#0 C:\Users\curso\Local Sites\phpbasedatos\app\public\index.php(14): mysqli_query(Object(mysqli), 'CREATE DATABASE...')
#1 {main}
  thrown in C:\Users\curso\Local Sites\phpbasedatos\app\public\index.php on line 14
[19-Feb-2025 07:45:47 UTC] PHP Fatal error:  Uncaught mysqli_sql_exception: Can't create database 'pasteleria'; database exists in C:\Users\curso\Local Sites\phpbasedatos\app\public\index.php:14
Stack trace:
#0 C:\Users\curso\Local Sites\phpbasedatos\app\public\index.php(14): mysqli_query(Object(mysqli), 'CREATE DATABASE...')
#1 {main}
  thrown in C:\Users\curso\Local Sites\phpbasedatos\app\public\index.php on line 14
[19-Feb-2025 07:56:52 UTC] PHP Fatal error:  Uncaught mysqli_sql_exception: Can't create database 'cafeteria'; database exists in C:\Users\curso\Local Sites\phpbasedatos\app\public\index.php:19
Stack trace:
#0 C:\Users\curso\Local Sites\phpbasedatos\app\public\index.php(19): mysqli_query(Object(mysqli), 'CREATE DATABASE...')
#1 {main}
  thrown in C:\Users\curso\Local Sites\phpbasedatos\app\public\index.php on line 19
[19-Feb-2025 07:56:53 UTC] PHP Fatal error:  Uncaught mysqli_sql_exception: Can't create database 'cafeteria'; database exists in C:\Users\curso\Local Sites\phpbasedatos\app\public\index.php:19
Stack trace:
#0 C:\Users\curso\Local Sites\phpbasedatos\app\public\index.php(19): mysqli_query(Object(mysqli), 'CREATE DATABASE...')
#1 {main}
  thrown in C:\Users\curso\Local Sites\phpbasedatos\app\public\index.php on line 19
[19-Feb-2025 07:56:53 UTC] PHP Fatal error:  Uncaught mysqli_sql_exception: Can't create database 'cafeteria'; database exists in C:\Users\curso\Local Sites\phpbasedatos\app\public\index.php:19
Stack trace:
#0 C:\Users\curso\Local Sites\phpbasedatos\app\public\index.php(19): mysqli_query(Object(mysqli), 'CREATE DATABASE...')
#1 {main}
  thrown in C:\Users\curso\Local Sites\phpbasedatos\app\public\index.php on line 19
[19-Feb-2025 07:56:54 UTC] PHP Fatal error:  Uncaught mysqli_sql_exception: Can't create database 'cafeteria'; database exists in C:\Users\curso\Local Sites\phpbasedatos\app\public\index.php:19
Stack trace:
#0 C:\Users\curso\Local Sites\phpbasedatos\app\public\index.php(19): mysqli_query(Object(mysqli), 'CREATE DATABASE...')
#1 {main}
  thrown in C:\Users\curso\Local Sites\phpbasedatos\app\public\index.php on line 19
[19-Feb-2025 07:56:54 UTC] PHP Fatal error:  Uncaught mysqli_sql_exception: Can't create database 'cafeteria'; database exists in C:\Users\curso\Local Sites\phpbasedatos\app\public\index.php:19
Stack trace:
#0 C:\Users\curso\Local Sites\phpbasedatos\app\public\index.php(19): mysqli_query(Object(mysqli), 'CREATE DATABASE...')
#1 {main}
  thrown in C:\Users\curso\Local Sites\phpbasedatos\app\public\index.php on line 19
